<?xml version="1.0" encoding="UTF-8"?>
<!-- Generated by org.testng.reporters.JUnitReportReporter -->
<testsuite hostname="DESKTOP-RSF23UP" failures="0" tests="2" name="testNG.parallelTest" time="6.550" errors="0" timestamp="2025-04-10T11:43:26 IST" skipped="0">
  <testcase classname="testNG.parallelTest" name="orangehrm" time="5.098"/>
  <testcase classname="testNG.parallelTest" name="facebook" time="1.452"/>
</testsuite> <!-- testNG.parallelTest -->
