<?xml version="1.0" encoding="UTF-8"?>
<!-- Generated by org.testng.reporters.JUnitReportReporter -->
<testsuite hostname="DESKTOP-RSF23UP" failures="0" tests="4" name="testNG.GroupTest" time="0.017" errors="0" timestamp="2025-06-14T17:57:26 IST" skipped="0">
  <testcase classname="testNG.GroupTest" name="Test1" time="0.013"/>
  <testcase classname="testNG.GroupTest" name="Test5" time="0.002"/>
  <testcase classname="testNG.GroupTest" name="Test3" time="0.001"/>
  <testcase classname="testNG.GroupTest" name="Test2" time="0.001"/>
</testsuite> <!-- testNG.GroupTest -->
