<?xml version="1.0" encoding="UTF-8"?>
<!-- Generated by org.testng.reporters.JUnitReportReporter -->
<testsuite hostname="DESKTOP-RSF23UP" failures="0" tests="3" name="testNG.ParallelTesting" time="16.529" errors="0" timestamp="2025-06-14T18:22:34 IST" skipped="0">
  <testcase classname="testNG.ParallelTesting" name="edge" time="3.181"/>
  <testcase classname="testNG.ParallelTesting" name="firefox" time="8.462"/>
  <testcase classname="testNG.ParallelTesting" name="chrome" time="4.886"/>
</testsuite> <!-- testNG.ParallelTesting -->
