<?xml version="1.0" encoding="UTF-8"?>
<!-- Generated by org.testng.reporters.JUnitReportReporter -->
<testsuite hostname="DESKTOP-RSF23UP" failures="0" tests="1" name="cucumber_ecommerce_project.testrunner" time="23.487" errors="0" timestamp="2025-04-14T20:05:19 IST" skipped="0">
  <testcase classname="cucumber_ecommerce_project.testrunner" name="runScenario" time="23.487"/>
</testsuite> <!-- cucumber_ecommerce_project.testrunner -->
