<?xml version="1.0" encoding="UTF-8"?>
<!-- Generated by org.testng.reporters.JUnitReportReporter -->
<testsuite hostname="DESKTOP-RSF23UP" failures="0" tests="4" name="testNG.grouping" time="0.018" errors="0" timestamp="2025-05-27T14:31:06 IST" skipped="0">
  <testcase classname="testNG.grouping" name="apple1" time="0.012"/>
  <testcase classname="testNG.grouping" name="moto1" time="0.002"/>
  <testcase classname="testNG.grouping" name="apple2" time="0.002"/>
  <testcase classname="testNG.grouping" name="moto2" time="0.002"/>
</testsuite> <!-- testNG.grouping -->
