<?xml version="1.0" encoding="UTF-8"?>
<!-- Generated by org.testng.reporters.JUnitReportReporter -->
<testsuite hostname="DESKTOP-RSF23UP" failures="0" tests="1" name="testNG.parameters_testng" time="4.541" errors="0" timestamp="2025-04-10T16:30:59 IST" skipped="0">
  <testcase classname="testNG.parameters_testng" name="orangehrm" time="4.541"/>
</testsuite> <!-- testNG.parameters_testng -->
