<?xml version="1.0" encoding="UTF-8"?>
<!-- Generated by org.testng.reporters.JUnitReportReporter -->
<testsuite hostname="DESKTOP-RSF23UP" failures="0" tests="4" name="testNG.grouping" time="0.035" errors="0" timestamp="2025-04-10T16:13:44 IST" skipped="0">
  <testcase classname="testNG.grouping" name="moto2" time="0.003"/>
  <testcase classname="testNG.grouping" name="apple2" time="0.004"/>
  <testcase classname="testNG.grouping" name="apple1" time="0.023"/>
  <testcase classname="testNG.grouping" name="moto1" time="0.005"/>
</testsuite> <!-- testNG.grouping -->
