<?xml version="1.0" encoding="UTF-8"?>
<!-- Generated by org.testng.reporters.JUnitReportReporter -->
<testsuite hostname="DESKTOP-RSF23UP" failures="0" tests="1" name="cucumber_ecommerce_project.testrunner" time="14.344" errors="0" timestamp="2025-04-14T19:04:00 IST" skipped="0">
  <testcase classname="cucumber_ecommerce_project.testrunner" name="runScenario" time="14.344"/>
</testsuite> <!-- cucumber_ecommerce_project.testrunner -->
