<?xml version="1.0" encoding="UTF-8"?>
<!-- Generated by org.testng.reporters.JUnitReportReporter -->
<testsuite hostname="DESKTOP-RSF23UP" failures="0" tests="3" name="testNG.parameters_testng" time="15.769" errors="0" timestamp="2025-06-07T16:06:43 IST" skipped="0">
  <testcase classname="testNG.parameters_testng" name="orangehrm" time="12.871"/>
  <testcase classname="testNG.parameters_testng" name="orangehrm" time="2.897"/>
  <testcase classname="testNG.parameters_testng" name="orangehrm" time="0.001"/>
</testsuite> <!-- testNG.parameters_testng -->
