<?xml version="1.0" encoding="UTF-8"?>
<!-- Generated by org.testng.reporters.JUnitReportReporter -->
<testsuite hostname="DESKTOP-RSF23UP" failures="0" tests="2" name="testNG.parallelTest" time="7.424" errors="0" timestamp="2025-06-07T15:49:36 IST" skipped="0">
  <testcase classname="testNG.parallelTest" name="orangehrm" time="5.944"/>
  <testcase classname="testNG.parallelTest" name="facebook" time="1.480"/>
</testsuite> <!-- testNG.parallelTest -->
